This file contains any messages produced by compilers while
running configure, to aid debugging if configure makes a mistake.

It was created by Wine configure 3.4, which was
generated by GNU Autoconf 2.69.  Invocation command line was

  $ ./configure --prefix=/app

## --------- ##
## Platform. ##
## --------- ##

hostname = fed-ito-lt01.bcdmetal.local
uname -m = x86_64
uname -r = 4.17.18-200.fc28.x86_64
uname -s = Linux
uname -v = #1 SMP Wed Aug 22 19:08:07 UTC 2018

/usr/bin/uname -p = x86_64
/bin/uname -X     = unknown

/bin/arch              = x86_64
/usr/bin/arch -k       = unknown
/usr/convex/getsysinfo = unknown
/usr/bin/hostinfo      = unknown
/bin/machine           = unknown
/usr/bin/oslevel       = unknown
/bin/universe          = unknown

PATH: /app/bin
PATH: /usr/bin


## ----------- ##
## Core tests. ##
## ----------- ##

configure:3913: checking build system type
configure:3927: result: x86_64-pc-linux-gnu
configure:3947: checking host system type
configure:3960: result: x86_64-pc-linux-gnu
configure:3990: checking whether make sets $(MAKE)
configure:4012: result: yes
configure:4069: checking for gcc
configure:4085: found /usr/bin/gcc
configure:4096: result: gcc
configure:4325: checking for C compiler version
configure:4334: gcc --version >&5
gcc (GCC) 6.2.0
Copyright (C) 2016 Free Software Foundation, Inc.
This is free software; see the source for copying conditions.  There is NO
warranty; not even for MERCHANTABILITY or FITNESS FOR A PARTICULAR PURPOSE.

configure:4345: $? = 0
configure:4334: gcc -v >&5
Using built-in specs.
COLLECT_GCC=gcc
COLLECT_LTO_WRAPPER=/usr/libexec/gcc/x86_64-unknown-linux/6.2.0/lto-wrapper
Target: x86_64-unknown-linux
Configured with: ../../../../../../work-shared/gcc-6.2.0-r0/gcc-6.2.0/configure --build=x86_64-linux --host=x86_64-unknown-linux --target=x86_64-unknown-linux --prefix=/usr --exec_prefix=/usr --bindir=/usr/bin --sbindir=/usr/sbin --libexecdir=/usr/libexec --datadir=/usr/share --sysconfdir=/etc --sharedstatedir=/com --localstatedir=/var --libdir=/usr/lib --includedir=/usr/include --oldincludedir=/usr/include --infodir=/usr/share/info --mandir=/usr/share/man --disable-silent-rules --disable-dependency-tracking --with-libtool-sysroot=/srv/sdkbuilder/work/build/x86_64/freedesktop-sdk-base-1-6/build/x86_64/tmp-glibc/sysroots/qemux86-64 --with-gnu-ld --enable-shared --enable-languages=c,c++ --enable-threads=posix --enable-multilib --enable-c99 --enable-long-long --enable-symvers=gnu --enable-libstdcxx-pch --program-prefix=x86_64-unknown-linux- --without-local-prefix --enable-lto --enable-libssp --enable-libitm --disable-bootstrap --disable-libmudflap --with-system-zlib --with-linker-hash-style=gnu --enable-linker-build-id --with-ppl=no --with-cloog=no --enable-checking=release --enable-cheaders=c_global --without-isl --with-sysroot=/ --with-build-sysroot=/srv/sdkbuilder/work/build/x86_64/freedesktop-sdk-base-1-6/build/x86_64/tmp-glibc/sysroots/qemux86-64 --with-gxx-include-dir=/usr/include/c++/6.2.0 --without-long-double-128 --enable-nls --enable-initfini-array --enable-__cxa_atexit
Thread model: posix
gcc version 6.2.0 (GCC) 
configure:4345: $? = 0
configure:4334: gcc -V >&5
gcc: error: unrecognized command line option '-V'
gcc: fatal error: no input files
compilation terminated.
configure:4345: $? = 1
configure:4334: gcc -qversion >&5
gcc: error: unrecognized command line option '-qversion'; did you mean '--version'?
gcc: fatal error: no input files
compilation terminated.
configure:4345: $? = 1
configure:4365: checking whether the C compiler works
configure:4387: gcc   -L/app/lib  conftest.c  >&5
configure:4391: $? = 0
configure:4439: result: yes
configure:4442: checking for C compiler default output file name
configure:4444: result: a.out
configure:4450: checking for suffix of executables
configure:4457: gcc -o conftest   -L/app/lib  conftest.c  >&5
configure:4461: $? = 0
configure:4483: result: 
configure:4505: checking whether we are cross compiling
configure:4513: gcc -o conftest   -L/app/lib  conftest.c  >&5
configure:4517: $? = 0
configure:4524: ./conftest
configure:4528: $? = 0
configure:4543: result: no
configure:4548: checking for suffix of object files
configure:4570: gcc -c   conftest.c >&5
configure:4574: $? = 0
configure:4595: result: o
configure:4599: checking whether we are using the GNU C compiler
configure:4618: gcc -c   conftest.c >&5
configure:4618: $? = 0
configure:4627: result: yes
configure:4636: checking whether gcc accepts -g
configure:4656: gcc -c -g  conftest.c >&5
configure:4656: $? = 0
configure:4697: result: yes
configure:4714: checking for gcc option to accept ISO C89
configure:4777: gcc  -c -g -O2  conftest.c >&5
configure:4777: $? = 0
configure:4790: result: none needed
configure:4868: checking for g++
configure:4884: found /usr/bin/g++
configure:4895: result: g++
configure:4922: checking for C++ compiler version
configure:4931: g++ --version >&5
g++ (GCC) 6.2.0
Copyright (C) 2016 Free Software Foundation, Inc.
This is free software; see the source for copying conditions.  There is NO
warranty; not even for MERCHANTABILITY or FITNESS FOR A PARTICULAR PURPOSE.

configure:4942: $? = 0
configure:4931: g++ -v >&5
Using built-in specs.
COLLECT_GCC=g++
COLLECT_LTO_WRAPPER=/usr/libexec/gcc/x86_64-unknown-linux/6.2.0/lto-wrapper
Target: x86_64-unknown-linux
Configured with: ../../../../../../work-shared/gcc-6.2.0-r0/gcc-6.2.0/configure --build=x86_64-linux --host=x86_64-unknown-linux --target=x86_64-unknown-linux --prefix=/usr --exec_prefix=/usr --bindir=/usr/bin --sbindir=/usr/sbin --libexecdir=/usr/libexec --datadir=/usr/share --sysconfdir=/etc --sharedstatedir=/com --localstatedir=/var --libdir=/usr/lib --includedir=/usr/include --oldincludedir=/usr/include --infodir=/usr/share/info --mandir=/usr/share/man --disable-silent-rules --disable-dependency-tracking --with-libtool-sysroot=/srv/sdkbuilder/work/build/x86_64/freedesktop-sdk-base-1-6/build/x86_64/tmp-glibc/sysroots/qemux86-64 --with-gnu-ld --enable-shared --enable-languages=c,c++ --enable-threads=posix --enable-multilib --enable-c99 --enable-long-long --enable-symvers=gnu --enable-libstdcxx-pch --program-prefix=x86_64-unknown-linux- --without-local-prefix --enable-lto --enable-libssp --enable-libitm --disable-bootstrap --disable-libmudflap --with-system-zlib --with-linker-hash-style=gnu --enable-linker-build-id --with-ppl=no --with-cloog=no --enable-checking=release --enable-cheaders=c_global --without-isl --with-sysroot=/ --with-build-sysroot=/srv/sdkbuilder/work/build/x86_64/freedesktop-sdk-base-1-6/build/x86_64/tmp-glibc/sysroots/qemux86-64 --with-gxx-include-dir=/usr/include/c++/6.2.0 --without-long-double-128 --enable-nls --enable-initfini-array --enable-__cxa_atexit
Thread model: posix
gcc version 6.2.0 (GCC) 
configure:4942: $? = 0
configure:4931: g++ -V >&5
g++: error: unrecognized command line option '-V'
g++: fatal error: no input files
compilation terminated.
configure:4942: $? = 1
configure:4931: g++ -qversion >&5
g++: error: unrecognized command line option '-qversion'; did you mean '--version'?
g++: fatal error: no input files
compilation terminated.
configure:4942: $? = 1
configure:4946: checking whether we are using the GNU C++ compiler
configure:4965: g++ -c   conftest.cpp >&5
configure:4965: $? = 0
configure:4974: result: yes
configure:4983: checking whether g++ accepts -g
configure:5003: g++ -c -g  conftest.cpp >&5
configure:5003: $? = 0
configure:5044: result: yes
configure:5110: checking for cpp
configure:5126: found /usr/bin/cpp
configure:5137: result: cpp
configure:5207: checking for ld
configure:5223: found /usr/bin/ld
configure:5234: result: ld
configure:5273: checking whether gcc -m32 works
configure:5287: gcc -m32 -o conftest -g -O2  -L/app/lib  conftest.c  >&5
/usr/lib/gcc/x86_64-unknown-linux/6.2.0/../../../../x86_64-unknown-linux/bin/ld: skipping incompatible /usr/lib/gcc/x86_64-unknown-linux/6.2.0/../../../../lib/x86_64-unknown-linux/6.2.0/libgcc.a when searching for -lgcc
/usr/lib/gcc/x86_64-unknown-linux/6.2.0/../../../../x86_64-unknown-linux/bin/ld: skipping incompatible /usr/lib/gcc/x86_64-unknown-linux/6.2.0/../../../x86_64-unknown-linux/6.2.0/libgcc.a when searching for -lgcc
/usr/lib/gcc/x86_64-unknown-linux/6.2.0/../../../../x86_64-unknown-linux/bin/ld: skipping incompatible /lib/../lib/x86_64-unknown-linux/6.2.0/libgcc.a when searching for -lgcc
/usr/lib/gcc/x86_64-unknown-linux/6.2.0/../../../../x86_64-unknown-linux/bin/ld: skipping incompatible /lib/x86_64-unknown-linux/6.2.0/libgcc.a when searching for -lgcc
/usr/lib/gcc/x86_64-unknown-linux/6.2.0/../../../../x86_64-unknown-linux/bin/ld: skipping incompatible /usr/lib/../lib/x86_64-unknown-linux/6.2.0/libgcc.a when searching for -lgcc
/usr/lib/gcc/x86_64-unknown-linux/6.2.0/../../../../x86_64-unknown-linux/bin/ld: skipping incompatible /usr/lib/x86_64-unknown-linux/6.2.0/libgcc.a when searching for -lgcc
/usr/lib/gcc/x86_64-unknown-linux/6.2.0/../../../../x86_64-unknown-linux/bin/ld: cannot find -lgcc
/usr/lib/gcc/x86_64-unknown-linux/6.2.0/../../../../x86_64-unknown-linux/bin/ld: skipping incompatible /usr/lib/gcc/x86_64-unknown-linux/6.2.0/../../../../lib/libgcc_s.so.1 when searching for libgcc_s.so.1
/usr/lib/gcc/x86_64-unknown-linux/6.2.0/../../../../x86_64-unknown-linux/bin/ld: skipping incompatible /lib/../lib/libgcc_s.so.1 when searching for libgcc_s.so.1
/usr/lib/gcc/x86_64-unknown-linux/6.2.0/../../../../x86_64-unknown-linux/bin/ld: skipping incompatible /usr/lib/../lib/libgcc_s.so.1 when searching for libgcc_s.so.1
/usr/lib/gcc/x86_64-unknown-linux/6.2.0/../../../../x86_64-unknown-linux/bin/ld: skipping incompatible /usr/lib/gcc/x86_64-unknown-linux/6.2.0/../../../libgcc_s.so.1 when searching for libgcc_s.so.1
/usr/lib/gcc/x86_64-unknown-linux/6.2.0/../../../../x86_64-unknown-linux/bin/ld: skipping incompatible //lib/libgcc_s.so.1 when searching for libgcc_s.so.1
/usr/lib/gcc/x86_64-unknown-linux/6.2.0/../../../../x86_64-unknown-linux/bin/ld: skipping incompatible //usr/lib/libgcc_s.so.1 when searching for libgcc_s.so.1
/usr/lib/gcc/x86_64-unknown-linux/6.2.0/../../../../x86_64-unknown-linux/bin/ld: cannot find libgcc_s.so.1
/usr/lib/gcc/x86_64-unknown-linux/6.2.0/../../../../x86_64-unknown-linux/bin/ld: skipping incompatible /usr/lib/gcc/x86_64-unknown-linux/6.2.0/../../../../lib/x86_64-unknown-linux/6.2.0/libgcc.a when searching for -lgcc
/usr/lib/gcc/x86_64-unknown-linux/6.2.0/../../../../x86_64-unknown-linux/bin/ld: skipping incompatible /usr/lib/gcc/x86_64-unknown-linux/6.2.0/../../../x86_64-unknown-linux/6.2.0/libgcc.a when searching for -lgcc
/usr/lib/gcc/x86_64-unknown-linux/6.2.0/../../../../x86_64-unknown-linux/bin/ld: skipping incompatible /lib/../lib/x86_64-unknown-linux/6.2.0/libgcc.a when searching for -lgcc
/usr/lib/gcc/x86_64-unknown-linux/6.2.0/../../../../x86_64-unknown-linux/bin/ld: skipping incompatible /lib/x86_64-unknown-linux/6.2.0/libgcc.a when searching for -lgcc
/usr/lib/gcc/x86_64-unknown-linux/6.2.0/../../../../x86_64-unknown-linux/bin/ld: skipping incompatible /usr/lib/../lib/x86_64-unknown-linux/6.2.0/libgcc.a when searching for -lgcc
/usr/lib/gcc/x86_64-unknown-linux/6.2.0/../../../../x86_64-unknown-linux/bin/ld: skipping incompatible /usr/lib/x86_64-unknown-linux/6.2.0/libgcc.a when searching for -lgcc
/usr/lib/gcc/x86_64-unknown-linux/6.2.0/../../../../x86_64-unknown-linux/bin/ld: cannot find -lgcc
collect2: error: ld returned 1 exit status
configure:5287: $? = 1
configure: failed program was:
| /* confdefs.h */
| #define PACKAGE_NAME "Wine"
| #define PACKAGE_TARNAME "wine"
| #define PACKAGE_VERSION "3.4"
| #define PACKAGE_STRING "Wine 3.4"
| #define PACKAGE_BUGREPORT "wine-devel@winehq.org"
| #define PACKAGE_URL "https://www.winehq.org"
| #define EXEEXT ""
| /* end confdefs.h.  */
| 
| int
| main ()
| {
| 
|   ;
|   return 0;
| }
configure:5291: result: no
configure:5293: error: Cannot build a 32-bit program, you need to install 32-bit development libraries.

## ---------------- ##
## Cache variables. ##
## ---------------- ##

ac_cv_build=x86_64-pc-linux-gnu
ac_cv_c_compiler_gnu=yes
ac_cv_cxx_compiler_gnu=yes
ac_cv_env_CAPI20_CFLAGS_set=
ac_cv_env_CAPI20_CFLAGS_value=
ac_cv_env_CAPI20_LIBS_set=
ac_cv_env_CAPI20_LIBS_value=
ac_cv_env_CCC_set=
ac_cv_env_CCC_value=
ac_cv_env_CC_set=
ac_cv_env_CC_value=
ac_cv_env_CFLAGS_set=
ac_cv_env_CFLAGS_value=
ac_cv_env_CPPFLAGS_set=
ac_cv_env_CPPFLAGS_value=
ac_cv_env_CPP_set=
ac_cv_env_CPP_value=
ac_cv_env_CUPS_CFLAGS_set=
ac_cv_env_CUPS_CFLAGS_value=
ac_cv_env_CUPS_LIBS_set=
ac_cv_env_CUPS_LIBS_value=
ac_cv_env_CXXFLAGS_set=
ac_cv_env_CXXFLAGS_value=
ac_cv_env_CXX_set=
ac_cv_env_CXX_value=
ac_cv_env_DBUS_CFLAGS_set=
ac_cv_env_DBUS_CFLAGS_value=
ac_cv_env_DBUS_LIBS_set=
ac_cv_env_DBUS_LIBS_value=
ac_cv_env_FONTCONFIG_CFLAGS_set=
ac_cv_env_FONTCONFIG_CFLAGS_value=
ac_cv_env_FONTCONFIG_LIBS_set=
ac_cv_env_FONTCONFIG_LIBS_value=
ac_cv_env_FREETYPE_CFLAGS_set=
ac_cv_env_FREETYPE_CFLAGS_value=
ac_cv_env_FREETYPE_LIBS_set=
ac_cv_env_FREETYPE_LIBS_value=
ac_cv_env_GNUTLS_CFLAGS_set=
ac_cv_env_GNUTLS_CFLAGS_value=
ac_cv_env_GNUTLS_LIBS_set=
ac_cv_env_GNUTLS_LIBS_value=
ac_cv_env_GPHOTO2_CFLAGS_set=
ac_cv_env_GPHOTO2_CFLAGS_value=
ac_cv_env_GPHOTO2_LIBS_set=
ac_cv_env_GPHOTO2_LIBS_value=
ac_cv_env_GPHOTO2_PORT_CFLAGS_set=
ac_cv_env_GPHOTO2_PORT_CFLAGS_value=
ac_cv_env_GPHOTO2_PORT_LIBS_set=
ac_cv_env_GPHOTO2_PORT_LIBS_value=
ac_cv_env_GSSAPI_CFLAGS_set=
ac_cv_env_GSSAPI_CFLAGS_value=
ac_cv_env_GSSAPI_LIBS_set=
ac_cv_env_GSSAPI_LIBS_value=
ac_cv_env_GSTREAMER_CFLAGS_set=
ac_cv_env_GSTREAMER_CFLAGS_value=
ac_cv_env_GSTREAMER_LIBS_set=
ac_cv_env_GSTREAMER_LIBS_value=
ac_cv_env_HAL_CFLAGS_set=
ac_cv_env_HAL_CFLAGS_value=
ac_cv_env_HAL_LIBS_set=
ac_cv_env_HAL_LIBS_value=
ac_cv_env_JPEG_CFLAGS_set=
ac_cv_env_JPEG_CFLAGS_value=
ac_cv_env_JPEG_LIBS_set=
ac_cv_env_JPEG_LIBS_value=
ac_cv_env_KRB5_CFLAGS_set=
ac_cv_env_KRB5_CFLAGS_value=
ac_cv_env_KRB5_LIBS_set=
ac_cv_env_KRB5_LIBS_value=
ac_cv_env_LCMS2_CFLAGS_set=
ac_cv_env_LCMS2_CFLAGS_value=
ac_cv_env_LCMS2_LIBS_set=
ac_cv_env_LCMS2_LIBS_value=
ac_cv_env_LDAP_CFLAGS_set=
ac_cv_env_LDAP_CFLAGS_value=
ac_cv_env_LDAP_LIBS_set=
ac_cv_env_LDAP_LIBS_value=
ac_cv_env_LDFLAGS_set=set
ac_cv_env_LDFLAGS_value='-L/app/lib '
ac_cv_env_LIBS_set=
ac_cv_env_LIBS_value=
ac_cv_env_MPG123_CFLAGS_set=
ac_cv_env_MPG123_CFLAGS_value=
ac_cv_env_MPG123_LIBS_set=
ac_cv_env_MPG123_LIBS_value=
ac_cv_env_NETAPI_CFLAGS_set=
ac_cv_env_NETAPI_CFLAGS_value=
ac_cv_env_NETAPI_LIBS_set=
ac_cv_env_NETAPI_LIBS_value=
ac_cv_env_PNG_CFLAGS_set=
ac_cv_env_PNG_CFLAGS_value=
ac_cv_env_PNG_LIBS_set=
ac_cv_env_PNG_LIBS_value=
ac_cv_env_PULSE_CFLAGS_set=
ac_cv_env_PULSE_CFLAGS_value=
ac_cv_env_PULSE_LIBS_set=
ac_cv_env_PULSE_LIBS_value=
ac_cv_env_SANE_CFLAGS_set=
ac_cv_env_SANE_CFLAGS_value=
ac_cv_env_SANE_LIBS_set=
ac_cv_env_SANE_LIBS_value=
ac_cv_env_SDL2_CFLAGS_set=
ac_cv_env_SDL2_CFLAGS_value=
ac_cv_env_SDL2_LIBS_set=
ac_cv_env_SDL2_LIBS_value=
ac_cv_env_TIFF_CFLAGS_set=
ac_cv_env_TIFF_CFLAGS_value=
ac_cv_env_TIFF_LIBS_set=
ac_cv_env_TIFF_LIBS_value=
ac_cv_env_UDEV_CFLAGS_set=
ac_cv_env_UDEV_CFLAGS_value=
ac_cv_env_UDEV_LIBS_set=
ac_cv_env_UDEV_LIBS_value=
ac_cv_env_XMKMF_set=
ac_cv_env_XMKMF_value=
ac_cv_env_XML2_CFLAGS_set=
ac_cv_env_XML2_CFLAGS_value=
ac_cv_env_XML2_LIBS_set=
ac_cv_env_XML2_LIBS_value=
ac_cv_env_XSLT_CFLAGS_set=
ac_cv_env_XSLT_CFLAGS_value=
ac_cv_env_XSLT_LIBS_set=
ac_cv_env_XSLT_LIBS_value=
ac_cv_env_build_alias_set=
ac_cv_env_build_alias_value=
ac_cv_env_host_alias_set=
ac_cv_env_host_alias_value=
ac_cv_env_target_alias_set=
ac_cv_env_target_alias_value=
ac_cv_host=x86_64-pc-linux-gnu
ac_cv_objext=o
ac_cv_prog_ac_ct_CC=gcc
ac_cv_prog_ac_ct_CPPBIN=cpp
ac_cv_prog_ac_ct_CXX=g++
ac_cv_prog_ac_ct_LD=ld
ac_cv_prog_cc_c89=
ac_cv_prog_cc_g=yes
ac_cv_prog_cxx_g=yes
ac_cv_prog_make_make_set=yes

## ----------------- ##
## Output variables. ##
## ----------------- ##

ALL_VARS_RULES=''
ALSA_LIBS=''
APPKIT_LIBS=''
APPLICATIONSERVICES_LIBS=''
AR=''
ARFLAGS=''
BISON=''
BUILTINFLAG=''
CAPI20_CFLAGS=''
CAPI20_LIBS=''
CARBON_LIBS=''
CC='gcc -m32'
CFLAGS='-g -O2'
CONFIGURE_TARGETS=''
CONVERT=''
COREAUDIO_LIBS=''
COREFOUNDATION_LIBS=''
CORESERVICES_LIBS=''
CPP=''
CPPBIN='cpp'
CPPFLAGS=''
CROSSCC=''
CROSSCFLAGS=''
CROSSTARGET=''
CUPS_CFLAGS=''
CUPS_LIBS=''
CXX='g++ -m32'
CXXFLAGS='-g -O2'
DBUS_CFLAGS=''
DBUS_LIBS=''
DEFS=''
DISABLED_SUBDIRS=''
DISKARBITRATION_LIBS=''
DLLFLAGS=''
DLLTOOL=''
DL_LIBS=''
ECHO_C=''
ECHO_N='-n'
ECHO_T=''
EGREP=''
EXCESS_PRECISION_CFLAGS=''
EXEEXT=''
EXTRACFLAGS=''
FLEX=''
FONTCONFIG_CFLAGS=''
FONTCONFIG_LIBS=''
FONTFORGE=''
FORCEFEEDBACK_LIBS=''
FREETYPE_CFLAGS=''
FREETYPE_LIBS=''
GETTEXTPO_LIBS=''
GNUTLS_CFLAGS=''
GNUTLS_LIBS=''
GPHOTO2_CFLAGS=''
GPHOTO2_LIBS=''
GPHOTO2_PORT_CFLAGS=''
GPHOTO2_PORT_LIBS=''
GREP=''
GSSAPI_CFLAGS=''
GSSAPI_LIBS=''
GSTREAMER_CFLAGS=''
GSTREAMER_LIBS=''
HAL_CFLAGS=''
HAL_LIBS=''
ICOTOOL=''
IOKIT_LIBS=''
JPEG_CFLAGS=''
JPEG_LIBS=''
KRB5_CFLAGS=''
KRB5_LIBS=''
KSTAT_LIBS=''
LCMS2_CFLAGS=''
LCMS2_LIBS=''
LD='ld'
LDAP_CFLAGS=''
LDAP_LIBS=''
LDCONFIG=''
LDD=''
LDEXECFLAGS=''
LDFLAGS='-L/app/lib '
LDRPATH_INSTALL=''
LDRPATH_LOCAL=''
LIBOBJS=''
LIBS=''
LIBWINE_DEPENDS=''
LIBWINE_IMPORTLIB=''
LIBWINE_INSTALL_DEV=''
LIBWINE_INSTALL_LIB=''
LIBWINE_LDFLAGS=''
LIBWINE_SHAREDLIB=''
LN_S=''
LTLIBOBJS=''
MPG123_CFLAGS=''
MPG123_LIBS=''
MSGFMT=''
NETAPI_CFLAGS=''
NETAPI_LIBS=''
OBJEXT='o'
OPENAL_LIBS=''
OPENCL_LIBS=''
OPENGL_LIBS=''
OSS4_CFLAGS=''
OTOOL=''
PACKAGE_BUGREPORT='wine-devel@winehq.org'
PACKAGE_NAME='Wine'
PACKAGE_STRING='Wine 3.4'
PACKAGE_TARNAME='wine'
PACKAGE_URL='https://www.winehq.org'
PACKAGE_VERSION='3.4'
PATH_SEPARATOR=':'
PCAP_LIBS=''
PKG_CONFIG=''
PNG_CFLAGS=''
PNG_LIBS=''
POLL_LIBS=''
PRELINK=''
PROCSTAT_LIBS=''
PTHREAD_LIBS=''
PULSE_CFLAGS=''
PULSE_LIBS=''
QUICKTIME_LIBS=''
RANLIB=''
READELF=''
RESOLV_LIBS=''
RSVG=''
RT_LIBS=''
SANE_CFLAGS=''
SANE_LIBS=''
SDL2_CFLAGS=''
SDL2_LIBS=''
SECURITY_LIBS=''
SET_MAKE=''
SHELL='/bin/sh'
SOCKET_LIBS=''
STRIP=''
SUBDIRS=''
TARGETFLAGS=''
TIFF_CFLAGS=''
TIFF_LIBS=''
TOOLSDIR=''
TOOLSEXT=''
UDEV_CFLAGS=''
UDEV_LIBS=''
UNWINDFLAGS=''
WINELOADER_DEPENDS=''
WINELOADER_INSTALL=''
WINELOADER_LDFLAGS=''
WINELOADER_PROGRAMS=''
XMKMF=''
XML2_CFLAGS=''
XML2_LIBS=''
XSLT_CFLAGS=''
XSLT_LIBS=''
X_CFLAGS=''
X_EXTRA_LIBS=''
X_LIBS=''
X_PRE_LIBS=''
Z_LIBS=''
ac_ct_AR=''
ac_ct_CC='gcc'
ac_ct_CXX='g++'
bindir='${exec_prefix}/bin'
build='x86_64-pc-linux-gnu'
build_alias=''
build_cpu='x86_64'
build_os='linux-gnu'
build_vendor='pc'
datadir='${datarootdir}'
datarootdir='${prefix}/share'
docdir='${datarootdir}/doc/${PACKAGE_TARNAME}'
dvidir='${docdir}'
exec_prefix='NONE'
host='x86_64-pc-linux-gnu'
host_alias=''
host_cpu='x86_64'
host_os='linux-gnu'
host_vendor='pc'
htmldir='${docdir}'
includedir='${prefix}/include'
infodir='${datarootdir}/info'
libdir='${exec_prefix}/lib'
libexecdir='${exec_prefix}/libexec'
localedir='${datarootdir}/locale'
localstatedir='${prefix}/var'
mandir='${datarootdir}/man'
oldincludedir='/usr/include'
pdfdir='${docdir}'
prefix='/app'
program_transform_name='s,x,x,'
psdir='${docdir}'
runstatedir='${localstatedir}/run'
sbindir='${exec_prefix}/sbin'
sharedstatedir='${prefix}/com'
sysconfdir='${prefix}/etc'
target_alias=''
wine64_disable=''

## ----------- ##
## confdefs.h. ##
## ----------- ##

/* confdefs.h */
#define PACKAGE_NAME "Wine"
#define PACKAGE_TARNAME "wine"
#define PACKAGE_VERSION "3.4"
#define PACKAGE_STRING "Wine 3.4"
#define PACKAGE_BUGREPORT "wine-devel@winehq.org"
#define PACKAGE_URL "https://www.winehq.org"
#define EXEEXT ""

configure: exit 1
